# JRE version: Java(TM) SE Runtime Environment (20.0+36) (build 20+36-2344)
# Java VM: Java HotSpot(TM) 64-Bit Server VM (20+36-2344, mixed mode, sharing, tiered, compressed oops, compressed class ptrs, g1 gc, windows-amd64)
GC Precious Log:
 CardTable entry size: 512
 Card Set container configuration: InlinePtr #cards 5 size 8 Array Of Cards #cards 12 size 40 Howl #buckets 4 coarsen threshold 1843 Howl Bitmap #cards 512 size 80 coarsen threshold 460 Card regions per heap region 1 cards per card region 2048
 CPUs: 4 total, 4 available
 Memory: 6063M
 Large Page Support: Disabled
 NUMA Support: Disabled
 Compressed Oops: Enabled (32-bit)
 Heap Region Size: 1M
 Heap Min Capacity: 8M
 Heap Initial Capacity: 96M
 Heap Max Capacity: 1516M
 Pre-touch: Disabled
 Parallel Workers: 4
 Concurrent Workers: 1
 Concurrent Refinement Workers: 4
 Periodic GC: Disabled
Heap:
 garbage-first heap   total 48128K, used 30361K [0x00000000a1400000, 0x0000000100000000)
  region size 1024K, 12 young (12288K), 1 survivors (1024K)
 Metaspace       used 33893K, committed 34432K, reserved 1114112K
  class space    used 4364K, committed 4608K, reserved 1048576K
GC Heap History (14 events):
Event: 1.140 GC heap before
{Heap before GC invocations=0 (full 0):
 garbage-first heap   total 98304K, used 12288K [0x00000000a1400000, 0x0000000100000000)
  region size 1024K, 13 young (13312K), 0 survivors (0K)
 Metaspace       used 2698K, committed 2880K, reserved 1114112K
  class space    used 287K, committed 384K, reserved 1048576K
}
Event: 1.152 GC heap after
{Heap after GC invocations=1 (full 0):
 garbage-first heap   total 98304K, used 2941K [0x00000000a1400000, 0x0000000100000000)
  region size 1024K, 2 young (2048K), 2 survivors (2048K)
 Metaspace       used 2698K, committed 2880K, reserved 1114112K
  class space    used 287K, committed 384K, reserved 1048576K
}
Event: 2.450 GC heap before
{Heap before GC invocations=1 (full 0):
 garbage-first heap   total 98304K, used 17277K [0x00000000a1400000, 0x0000000100000000)
  region size 1024K, 17 young (17408K), 2 survivors (2048K)
 Metaspace       used 8010K, committed 8256K, reserved 1114112K
  class space    used 991K, committed 1088K, reserved 1048576K
}
Event: 2.456 GC heap after
{Heap after GC invocations=2 (full 0):
 garbage-first heap   total 98304K, used 4861K [0x00000000a1400000, 0x0000000100000000)
  region size 1024K, 2 young (2048K), 2 survivors (2048K)
 Metaspace       used 8010K, committed 8256K, reserved 1114112K
  class space    used 991K, committed 1088K, reserved 1048576K
}
Event: 16.303 GC heap before
{Heap before GC invocations=2 (full 0):
 garbage-first heap   total 98304K, used 48893K [0x00000000a1400000, 0x0000000100000000)
  region size 1024K, 45 young (46080K), 2 survivors (2048K)
 Metaspace       used 21171K, committed 21504K, reserved 1114112K
  class space    used 2887K, committed 3072K, reserved 1048576K
}
Event: 16.318 GC heap after
{Heap after GC invocations=3 (full 0):
 garbage-first heap   total 98304K, used 13147K [0x00000000a1400000, 0x0000000100000000)
  region size 1024K, 6 young (6144K), 6 survivors (6144K)
 Metaspace       used 21171K, committed 21504K, reserved 1114112K
  class space    used 2887K, committed 3072K, reserved 1048576K
}
Event: 28.068 GC heap before
{Heap before GC invocations=4 (full 0):
 garbage-first heap   total 48128K, used 34651K [0x00000000a1400000, 0x0000000100000000)
  region size 1024K, 28 young (28672K), 6 survivors (6144K)
 Metaspace       used 27803K, committed 28160K, reserved 1114112K
  class space    used 3664K, committed 3840K, reserved 1048576K
}
Event: 28.084 GC heap after
{Heap after GC invocations=5 (full 0):
 garbage-first heap   total 48128K, used 16555K [0x00000000a1400000, 0x0000000100000000)
  region size 1024K, 4 young (4096K), 4 survivors (4096K)
 Metaspace       used 27803K, committed 28160K, reserved 1114112K
  class space    used 3664K, committed 3840K, reserved 1048576K
}
Event: 32.827 GC heap before
{Heap before GC invocations=5 (full 0):
 garbage-first heap   total 48128K, used 34987K [0x00000000a1400000, 0x0000000100000000)
  region size 1024K, 23 young (23552K), 4 survivors (4096K)
 Metaspace       used 32218K, committed 32768K, reserved 1114112K
  class space    used 4265K, committed 4544K, reserved 1048576K
}
Event: 32.840 GC heap after
{Heap after GC invocations=6 (full 0):
 garbage-first heap   total 48128K, used 20288K [0x00000000a1400000, 0x0000000100000000)
  region size 1024K, 3 young (3072K), 3 survivors (3072K)
 Metaspace       used 32218K, committed 32768K, reserved 1114112K
  class space    used 4265K, committed 4544K, reserved 1048576K
}
Event: 33.542 GC heap before
{Heap before GC invocations=6 (full 0):
 garbage-first heap   total 48128K, used 36672K [0x00000000a1400000, 0x0000000100000000)
  region size 1024K, 20 young (20480K), 3 survivors (3072K)
 Metaspace       used 32712K, committed 33280K, reserved 1114112K
  class space    used 4305K, committed 4544K, reserved 1048576K
}
Event: 33.549 GC heap after
{Heap after GC invocations=7 (full 0):
 garbage-first heap   total 48128K, used 21672K [0x00000000a1400000, 0x0000000100000000)
  region size 1024K, 3 young (3072K), 3 survivors (3072K)
 Metaspace       used 32712K, committed 33280K, reserved 1114112K
  class space    used 4305K, committed 4544K, reserved 1048576K
}
Event: 37.289 GC heap before
{Heap before GC invocations=7 (full 0):
 garbage-first heap   total 48128K, used 37032K [0x00000000a1400000, 0x0000000100000000)
  region size 1024K, 19 young (19456K), 3 survivors (3072K)
 Metaspace       used 33527K, committed 34112K, reserved 1114112K
  class space    used 4347K, committed 4608K, reserved 1048576K
}
Event: 37.293 GC heap after
{Heap after GC invocations=8 (full 0):
 garbage-first heap   total 48128K, used 21145K [0x00000000a1400000, 0x0000000100000000)
  region size 1024K, 1 young (1024K), 1 survivors (1024K)
 Metaspace       used 33527K, committed 34112K, reserved 1114112K
  class space    used 4347K, committed 4608K, reserved 1048576K
}

