# JRE version: Java(TM) SE Runtime Environment (20.0+36) (build 20+36-2344)
# Java VM: Java HotSpot(TM) 64-Bit Server VM (20+36-2344, mixed mode, sharing, tiered, compressed oops, compressed class ptrs, g1 gc, windows-amd64)
GC Precious Log:
 CardTable entry size: 512
 Card Set container configuration: InlinePtr #cards 5 size 8 Array Of Cards #cards 12 size 40 Howl #buckets 4 coarsen threshold 1843 Howl Bitmap #cards 512 size 80 coarsen threshold 460 Card regions per heap region 1 cards per card region 2048
 CPUs: 4 total, 4 available
 Memory: 6063M
 Large Page Support: Disabled
 NUMA Support: Disabled
 Compressed Oops: Enabled (32-bit)
 Heap Region Size: 1M
 Heap Min Capacity: 8M
 Heap Initial Capacity: 96M
 Heap Max Capacity: 1516M
 Pre-touch: Disabled
 Parallel Workers: 4
 Concurrent Workers: 1
 Concurrent Refinement Workers: 4
 Periodic GC: Disabled
Heap:
 garbage-first heap   total 49152K, used 30160K [0x00000000a1400000, 0x0000000100000000)
  region size 1024K, 10 young (10240K), 2 survivors (2048K)
 Metaspace       used 24676K, committed 25152K, reserved 1114112K
  class space    used 3033K, committed 3264K, reserved 1048576K
GC Heap History (16 events):
Event: 1.104 GC heap before
{Heap before GC invocations=0 (full 0):
 garbage-first heap   total 98304K, used 12288K [0x00000000a1400000, 0x0000000100000000)
  region size 1024K, 13 young (13312K), 0 survivors (0K)
 Metaspace       used 2662K, committed 2752K, reserved 1114112K
  class space    used 277K, committed 320K, reserved 1048576K
}
Event: 1.114 GC heap after
{Heap after GC invocations=1 (full 0):
 garbage-first heap   total 98304K, used 2592K [0x00000000a1400000, 0x0000000100000000)
  region size 1024K, 2 young (2048K), 2 survivors (2048K)
 Metaspace       used 2662K, committed 2752K, reserved 1114112K
  class space    used 277K, committed 320K, reserved 1048576K
}
Event: 3.234 GC heap before
{Heap before GC invocations=1 (full 0):
 garbage-first heap   total 98304K, used 18976K [0x00000000a1400000, 0x0000000100000000)
  region size 1024K, 18 young (18432K), 2 survivors (2048K)
 Metaspace       used 7647K, committed 7872K, reserved 1114112K
  class space    used 975K, committed 1088K, reserved 1048576K
}
Event: 3.240 GC heap after
{Heap after GC invocations=2 (full 0):
 garbage-first heap   total 98304K, used 4457K [0x00000000a1400000, 0x0000000100000000)
  region size 1024K, 2 young (2048K), 2 survivors (2048K)
 Metaspace       used 7647K, committed 7872K, reserved 1114112K
  class space    used 975K, committed 1088K, reserved 1048576K
}
Event: 4.570 GC heap before
{Heap before GC invocations=2 (full 0):
 garbage-first heap   total 98304K, used 26985K [0x00000000a1400000, 0x0000000100000000)
  region size 1024K, 25 young (25600K), 2 survivors (2048K)
 Metaspace       used 16495K, committed 16896K, reserved 1114112K
  class space    used 2118K, committed 2304K, reserved 1048576K
}
Event: 4.582 GC heap after
{Heap after GC invocations=3 (full 0):
 garbage-first heap   total 98304K, used 8526K [0x00000000a1400000, 0x0000000100000000)
  region size 1024K, 4 young (4096K), 4 survivors (4096K)
 Metaspace       used 16495K, committed 16896K, reserved 1114112K
  class space    used 2118K, committed 2304K, reserved 1048576K
}
Event: 6.132 GC heap before
{Heap before GC invocations=3 (full 0):
 garbage-first heap   total 98304K, used 20814K [0x00000000a1400000, 0x0000000100000000)
  region size 1024K, 18 young (18432K), 4 survivors (4096K)
 Metaspace       used 21105K, committed 21504K, reserved 1114112K
  class space    used 2753K, committed 2944K, reserved 1048576K
}
Event: 6.145 GC heap after
{Heap after GC invocations=4 (full 0):
 garbage-first heap   total 98304K, used 10663K [0x00000000a1400000, 0x0000000100000000)
  region size 1024K, 5 young (5120K), 5 survivors (5120K)
 Metaspace       used 21105K, committed 21504K, reserved 1114112K
  class space    used 2753K, committed 2944K, reserved 1048576K
}
Event: 6.722 GC heap before
{Heap before GC invocations=5 (full 0):
 garbage-first heap   total 45056K, used 31143K [0x00000000a1400000, 0x0000000100000000)
  region size 1024K, 26 young (26624K), 5 survivors (5120K)
 Metaspace       used 21806K, committed 22272K, reserved 1114112K
  class space    used 2835K, committed 3072K, reserved 1048576K
}
Event: 6.739 GC heap after
{Heap after GC invocations=6 (full 0):
 garbage-first heap   total 49152K, used 22334K [0x00000000a1400000, 0x0000000100000000)
  region size 1024K, 4 young (4096K), 4 survivors (4096K)
 Metaspace       used 21806K, committed 22272K, reserved 1114112K
  class space    used 2835K, committed 3072K, reserved 1048576K
}
Event: 8.087 GC heap before
{Heap before GC invocations=6 (full 0):
 garbage-first heap   total 49152K, used 35646K [0x00000000a1400000, 0x0000000100000000)
  region size 1024K, 16 young (16384K), 4 survivors (4096K)
 Metaspace       used 23321K, committed 23808K, reserved 1114112K
  class space    used 2987K, committed 3200K, reserved 1048576K
}
Event: 8.094 GC heap after
{Heap after GC invocations=7 (full 0):
 garbage-first heap   total 49152K, used 24576K [0x00000000a1400000, 0x0000000100000000)
  region size 1024K, 2 young (2048K), 2 survivors (2048K)
 Metaspace       used 23321K, committed 23808K, reserved 1114112K
  class space    used 2987K, committed 3200K, reserved 1048576K
}
Event: 9.693 GC heap before
{Heap before GC invocations=7 (full 0):
 garbage-first heap   total 49152K, used 35840K [0x00000000a1400000, 0x0000000100000000)
  region size 1024K, 14 young (14336K), 2 survivors (2048K)
 Metaspace       used 23830K, committed 24256K, reserved 1114112K
  class space    used 2996K, committed 3200K, reserved 1048576K
}
Event: 9.699 GC heap after
{Heap after GC invocations=8 (full 0):
 garbage-first heap   total 49152K, used 25912K [0x00000000a1400000, 0x0000000100000000)
  region size 1024K, 2 young (2048K), 2 survivors (2048K)
 Metaspace       used 23830K, committed 24256K, reserved 1114112K
  class space    used 2996K, committed 3200K, reserved 1048576K
}
Event: 11.677 GC heap before
{Heap before GC invocations=9 (full 0):
 garbage-first heap   total 49152K, used 34104K [0x00000000a1400000, 0x0000000100000000)
  region size 1024K, 14 young (14336K), 2 survivors (2048K)
 Metaspace       used 24254K, committed 24768K, reserved 1114112K
  class space    used 3014K, committed 3200K, reserved 1048576K
}
Event: 11.684 GC heap after
{Heap after GC invocations=10 (full 0):
 garbage-first heap   total 49152K, used 24016K [0x00000000a1400000, 0x0000000100000000)
  region size 1024K, 2 young (2048K), 2 survivors (2048K)
 Metaspace       used 24254K, committed 24768K, reserved 1114112K
  class space    used 3014K, committed 3200K, reserved 1048576K
}

