# JRE version: Java(TM) SE Runtime Environment (20.0+36) (build 20+36-2344)
# Java VM: Java HotSpot(TM) 64-Bit Server VM (20+36-2344, mixed mode, sharing, tiered, compressed oops, compressed class ptrs, g1 gc, windows-amd64)
GC Precious Log:
 CardTable entry size: 512
 Card Set container configuration: InlinePtr #cards 5 size 8 Array Of Cards #cards 12 size 40 Howl #buckets 4 coarsen threshold 1843 Howl Bitmap #cards 512 size 80 coarsen threshold 460 Card regions per heap region 1 cards per card region 2048
 CPUs: 4 total, 4 available
 Memory: 6063M
 Large Page Support: Disabled
 NUMA Support: Disabled
 Compressed Oops: Enabled (32-bit)
 Heap Region Size: 1M
 Heap Min Capacity: 8M
 Heap Initial Capacity: 96M
 Heap Max Capacity: 1516M
 Pre-touch: Disabled
 Parallel Workers: 4
 Concurrent Workers: 1
 Concurrent Refinement Workers: 4
 Periodic GC: Disabled
Heap:
 garbage-first heap   total 37888K, used 22943K [0x00000000a1400000, 0x0000000100000000)
  region size 1024K, 10 young (10240K), 2 survivors (2048K)
 Metaspace       used 24991K, committed 25472K, reserved 1114112K
  class space    used 3023K, committed 3264K, reserved 1048576K
GC Heap History (14 events):
Event: 1.087 GC heap before
{Heap before GC invocations=0 (full 0):
 garbage-first heap   total 98304K, used 12288K [0x00000000a1400000, 0x0000000100000000)
  region size 1024K, 13 young (13312K), 0 survivors (0K)
 Metaspace       used 2705K, committed 2880K, reserved 1114112K
  class space    used 285K, committed 384K, reserved 1048576K
}
Event: 1.098 GC heap after
{Heap after GC invocations=1 (full 0):
 garbage-first heap   total 98304K, used 3136K [0x00000000a1400000, 0x0000000100000000)
  region size 1024K, 2 young (2048K), 2 survivors (2048K)
 Metaspace       used 2705K, committed 2880K, reserved 1114112K
  class space    used 285K, committed 384K, reserved 1048576K
}
Event: 4.389 GC heap before
{Heap before GC invocations=1 (full 0):
 garbage-first heap   total 98304K, used 18496K [0x00000000a1400000, 0x0000000100000000)
  region size 1024K, 18 young (18432K), 2 survivors (2048K)
 Metaspace       used 7727K, committed 7936K, reserved 1114112K
  class space    used 981K, committed 1088K, reserved 1048576K
}
Event: 4.395 GC heap after
{Heap after GC invocations=2 (full 0):
 garbage-first heap   total 98304K, used 4375K [0x00000000a1400000, 0x0000000100000000)
  region size 1024K, 2 young (2048K), 2 survivors (2048K)
 Metaspace       used 7727K, committed 7936K, reserved 1114112K
  class space    used 981K, committed 1088K, reserved 1048576K
}
Event: 7.221 GC heap before
{Heap before GC invocations=2 (full 0):
 garbage-first heap   total 98304K, used 39191K [0x00000000a1400000, 0x0000000100000000)
  region size 1024K, 38 young (38912K), 2 survivors (2048K)
 Metaspace       used 21118K, committed 21504K, reserved 1114112K
  class space    used 2752K, committed 2944K, reserved 1048576K
}
Event: 7.240 GC heap after
{Heap after GC invocations=3 (full 0):
 garbage-first heap   total 98304K, used 9968K [0x00000000a1400000, 0x0000000100000000)
  region size 1024K, 6 young (6144K), 6 survivors (6144K)
 Metaspace       used 21118K, committed 21504K, reserved 1114112K
  class space    used 2752K, committed 2944K, reserved 1048576K
}
Event: 7.637 GC heap before
{Heap before GC invocations=4 (full 0):
 garbage-first heap   total 37888K, used 25328K [0x00000000a1400000, 0x0000000100000000)
  region size 1024K, 22 young (22528K), 6 survivors (6144K)
 Metaspace       used 21415K, committed 21824K, reserved 1114112K
  class space    used 2784K, committed 2944K, reserved 1048576K
}
Event: 7.650 GC heap after
{Heap after GC invocations=5 (full 0):
 garbage-first heap   total 37888K, used 13177K [0x00000000a1400000, 0x0000000100000000)
  region size 1024K, 3 young (3072K), 3 survivors (3072K)
 Metaspace       used 21415K, committed 21824K, reserved 1114112K
  class space    used 2784K, committed 2944K, reserved 1048576K
}
Event: 8.892 GC heap before
{Heap before GC invocations=5 (full 0):
 garbage-first heap   total 37888K, used 29561K [0x00000000a1400000, 0x0000000100000000)
  region size 1024K, 18 young (18432K), 3 survivors (3072K)
 Metaspace       used 23264K, committed 23744K, reserved 1114112K
  class space    used 2985K, committed 3200K, reserved 1048576K
}
Event: 8.896 GC heap after
{Heap after GC invocations=6 (full 0):
 garbage-first heap   total 37888K, used 15006K [0x00000000a1400000, 0x0000000100000000)
  region size 1024K, 3 young (3072K), 3 survivors (3072K)
 Metaspace       used 23264K, committed 23744K, reserved 1114112K
  class space    used 2985K, committed 3200K, reserved 1048576K
}
Event: 11.699 GC heap before
{Heap before GC invocations=6 (full 0):
 garbage-first heap   total 37888K, used 28318K [0x00000000a1400000, 0x0000000100000000)
  region size 1024K, 17 young (17408K), 3 survivors (3072K)
 Metaspace       used 23956K, committed 24384K, reserved 1114112K
  class space    used 2997K, committed 3200K, reserved 1048576K
}
Event: 11.702 GC heap after
{Heap after GC invocations=7 (full 0):
 garbage-first heap   total 37888K, used 15777K [0x00000000a1400000, 0x0000000100000000)
  region size 1024K, 1 young (1024K), 1 survivors (1024K)
 Metaspace       used 23956K, committed 24384K, reserved 1114112K
  class space    used 2997K, committed 3200K, reserved 1048576K
}
Event: 14.236 GC heap before
{Heap before GC invocations=7 (full 0):
 garbage-first heap   total 37888K, used 30113K [0x00000000a1400000, 0x0000000100000000)
  region size 1024K, 15 young (15360K), 1 survivors (1024K)
 Metaspace       used 24724K, committed 25280K, reserved 1114112K
  class space    used 3022K, committed 3264K, reserved 1048576K
}
Event: 14.240 GC heap after
{Heap after GC invocations=8 (full 0):
 garbage-first heap   total 37888K, used 16799K [0x00000000a1400000, 0x0000000100000000)
  region size 1024K, 2 young (2048K), 2 survivors (2048K)
 Metaspace       used 24724K, committed 25280K, reserved 1114112K
  class space    used 3022K, committed 3264K, reserved 1048576K
}

