# JRE version: Java(TM) SE Runtime Environment (20.0+36) (build 20+36-2344)
# Java VM: Java HotSpot(TM) 64-Bit Server VM (20+36-2344, mixed mode, sharing, tiered, compressed oops, compressed class ptrs, g1 gc, windows-amd64)
GC Precious Log:
 CardTable entry size: 512
 Card Set container configuration: InlinePtr #cards 5 size 8 Array Of Cards #cards 12 size 40 Howl #buckets 4 coarsen threshold 1843 Howl Bitmap #cards 512 size 80 coarsen threshold 460 Card regions per heap region 1 cards per card region 2048
 CPUs: 4 total, 4 available
 Memory: 6063M
 Large Page Support: Disabled
 NUMA Support: Disabled
 Compressed Oops: Enabled (32-bit)
 Heap Region Size: 1M
 Heap Min Capacity: 8M
 Heap Initial Capacity: 96M
 Heap Max Capacity: 1516M
 Pre-touch: Disabled
 Parallel Workers: 4
 Concurrent Workers: 1
 Concurrent Refinement Workers: 4
 Periodic GC: Disabled
Heap:
 garbage-first heap   total 52224K, used 38052K [0x00000000a1400000, 0x0000000100000000)
  region size 1024K, 18 young (18432K), 3 survivors (3072K)
 Metaspace       used 33984K, committed 34496K, reserved 1114112K
  class space    used 4363K, committed 4608K, reserved 1048576K
GC Heap History (16 events):
Event: 1.066 GC heap before
{Heap before GC invocations=0 (full 0):
 garbage-first heap   total 98304K, used 13312K [0x00000000a1400000, 0x0000000100000000)
  region size 1024K, 13 young (13312K), 0 survivors (0K)
 Metaspace       used 2654K, committed 2752K, reserved 1114112K
  class space    used 278K, committed 320K, reserved 1048576K
}
Event: 1.076 GC heap after
{Heap after GC invocations=1 (full 0):
 garbage-first heap   total 98304K, used 2880K [0x00000000a1400000, 0x0000000100000000)
  region size 1024K, 2 young (2048K), 2 survivors (2048K)
 Metaspace       used 2654K, committed 2752K, reserved 1114112K
  class space    used 278K, committed 320K, reserved 1048576K
}
Event: 2.293 GC heap before
{Heap before GC invocations=1 (full 0):
 garbage-first heap   total 98304K, used 18240K [0x00000000a1400000, 0x0000000100000000)
  region size 1024K, 18 young (18432K), 2 survivors (2048K)
 Metaspace       used 8213K, committed 8512K, reserved 1114112K
  class space    used 1014K, committed 1152K, reserved 1048576K
}
Event: 2.301 GC heap after
{Heap after GC invocations=2 (full 0):
 garbage-first heap   total 98304K, used 5317K [0x00000000a1400000, 0x0000000100000000)
  region size 1024K, 3 young (3072K), 3 survivors (3072K)
 Metaspace       used 8213K, committed 8512K, reserved 1114112K
  class space    used 1014K, committed 1152K, reserved 1048576K
}
Event: 5.184 GC heap before
{Heap before GC invocations=2 (full 0):
 garbage-first heap   total 98304K, used 29893K [0x00000000a1400000, 0x0000000100000000)
  region size 1024K, 28 young (28672K), 3 survivors (3072K)
 Metaspace       used 14690K, committed 15040K, reserved 1114112K
  class space    used 2082K, committed 2240K, reserved 1048576K
}
Event: 5.194 GC heap after
{Heap after GC invocations=3 (full 0):
 garbage-first heap   total 98304K, used 8133K [0x00000000a1400000, 0x0000000100000000)
  region size 1024K, 4 young (4096K), 4 survivors (4096K)
 Metaspace       used 14690K, committed 15040K, reserved 1114112K
  class space    used 2082K, committed 2240K, reserved 1048576K
}
Event: 15.711 GC heap before
{Heap before GC invocations=3 (full 0):
 garbage-first heap   total 98304K, used 25541K [0x00000000a1400000, 0x0000000100000000)
  region size 1024K, 21 young (21504K), 4 survivors (4096K)
 Metaspace       used 21167K, committed 21504K, reserved 1114112K
  class space    used 2887K, committed 3072K, reserved 1048576K
}
Event: 15.721 GC heap after
{Heap after GC invocations=4 (full 0):
 garbage-first heap   total 98304K, used 13655K [0x00000000a1400000, 0x0000000100000000)
  region size 1024K, 7 young (7168K), 7 survivors (7168K)
 Metaspace       used 21167K, committed 21504K, reserved 1114112K
  class space    used 2887K, committed 3072K, reserved 1048576K
}
Event: 23.220 GC heap before
{Heap before GC invocations=5 (full 0):
 garbage-first heap   total 51200K, used 37207K [0x00000000a1400000, 0x0000000100000000)
  region size 1024K, 30 young (30720K), 7 survivors (7168K)
 Metaspace       used 28199K, committed 28544K, reserved 1114112K
  class space    used 3730K, committed 3904K, reserved 1048576K
}
Event: 23.240 GC heap after
{Heap after GC invocations=6 (full 0):
 garbage-first heap   total 51200K, used 16460K [0x00000000a1400000, 0x0000000100000000)
  region size 1024K, 4 young (4096K), 4 survivors (4096K)
 Metaspace       used 28199K, committed 28544K, reserved 1114112K
  class space    used 3730K, committed 3904K, reserved 1048576K
}
Event: 25.400 GC heap before
{Heap before GC invocations=6 (full 0):
 garbage-first heap   total 51200K, used 37964K [0x00000000a1400000, 0x0000000100000000)
  region size 1024K, 26 young (26624K), 4 survivors (4096K)
 Metaspace       used 32165K, committed 32768K, reserved 1114112K
  class space    used 4260K, committed 4544K, reserved 1048576K
}
Event: 25.413 GC heap after
{Heap after GC invocations=7 (full 0):
 garbage-first heap   total 52224K, used 24576K [0x00000000a1400000, 0x0000000100000000)
  region size 1024K, 4 young (4096K), 4 survivors (4096K)
 Metaspace       used 32165K, committed 32768K, reserved 1114112K
  class space    used 4260K, committed 4544K, reserved 1048576K
}
Event: 26.869 GC heap before
{Heap before GC invocations=7 (full 0):
 garbage-first heap   total 52224K, used 38912K [0x00000000a1400000, 0x0000000100000000)
  region size 1024K, 19 young (19456K), 4 survivors (4096K)
 Metaspace       used 32937K, committed 33408K, reserved 1114112K
  class space    used 4332K, committed 4544K, reserved 1048576K
}
Event: 26.874 GC heap after
{Heap after GC invocations=8 (full 0):
 garbage-first heap   total 52224K, used 24285K [0x00000000a1400000, 0x0000000100000000)
  region size 1024K, 2 young (2048K), 2 survivors (2048K)
 Metaspace       used 32937K, committed 33408K, reserved 1114112K
  class space    used 4332K, committed 4544K, reserved 1048576K
}
Event: 29.336 GC heap before
{Heap before GC invocations=8 (full 0):
 garbage-first heap   total 52224K, used 39645K [0x00000000a1400000, 0x0000000100000000)
  region size 1024K, 18 young (18432K), 2 survivors (2048K)
 Metaspace       used 33490K, committed 34048K, reserved 1114112K
  class space    used 4348K, committed 4608K, reserved 1048576K
}
Event: 29.343 GC heap after
{Heap after GC invocations=9 (full 0):
 garbage-first heap   total 52224K, used 24740K [0x00000000a1400000, 0x0000000100000000)
  region size 1024K, 3 young (3072K), 3 survivors (3072K)
 Metaspace       used 33490K, committed 34048K, reserved 1114112K
  class space    used 4348K, committed 4608K, reserved 1048576K
}

